[mainmo.repostatf]
savedmemoryfiles=7
 mainfo.sta
 commitqueryfo.sta
 optionsfo.sta
 revertqueryfo.sta
 lastmessagefo.sta
 commitmessagefo.sta
 form.sta
mainfo.sta=313
 [mainfo.panelcontroller]
 panels=2
  panel1
  panel2
 clients=299
  [mainfo.dockpanel]
  splitdir=2
  useroptions=33570179
  parent=mainfo.container
  visible=1
  mdistate=0
  nx=0
  ny=0
  ncx=0
  ncy=0
  x=0
  y=19
  cx=1366
  cy=683
  rcx=0
  rcy=0
  [tagsfo.grid]
  propcolwidthref=730
  width0=159
  sortdescend0=0
  width1=217
  sortdescend1=0
  width2=88
  sortdescend2=0
  width3=124
  sortdescend3=1
  width4=103
  sortdescend4=0
  [tagsfo]
  splitdir=0
  useroptions=16507
  stackedunder=mainfo.panelcontroller.panel2
  parent=
  mdistate=0
  nx=0
  ny=0
  ncx=0
  ncy=0
  x=88
  y=177
  cx=779
  cy=354
  rcx=0
  rcy=0
  wsize=0
  active=0
  visible=0
  [logfo.grid]
  propcolwidthref=0
  width0=36
  sortdescend0=0
  sortdescend1=0
  width2=159
  sortdescend2=0
  width3=99
  sortdescend3=0
  width4=116
  sortdescend4=0
  width5=117
  sortdescend5=0
  sortcol=0
  rowstate=0
  sorted=1
  col=1
  row=-1073741823
  rowheight=16
  [logfo]
  splitdir=0
  useroptions=16507
  parent=mainfo.panelcontroller.panel2.container
  visible=1
  mdistate=0
  nx=0
  ny=0
  ncx=0
  ncy=0
  x=0
  y=312
  cx=505
  cy=259
  rcx=0
  rcy=0
  [diffwindowfo.tabs]
  tabsize=114
  firsttab=0
  index=0
  [diffwindowfo]
  splitdir=0
  useroptions=16507
  parent=mainfo.dockpanel
  visible=1
  mdistate=0
  nx=0
  ny=0
  ncx=0
  ncy=0
  x=0
  y=268
  cx=1356
  cy=415
  rcx=0
  rcy=0
  [gitconsolefo]
  splitdir=0
  useroptions=16491
  parent=mainfo.panelcontroller.panel2.container
  visible=1
  mdistate=0
  nx=0
  ny=0
  ncx=0
  ncy=0
  x=0
  y=574
  cx=505
  cy=130
  rcx=0
  rcy=0
  [branchfo.remotegrid]
  propcolwidthref=161
  width0=51
  sortdescend0=0
  width1=53
  sortdescend1=0
  width2=45
  sortdescend2=0
  sortdescend3=0
  sortdescend4=0
  sortdescend5=0
  sortdescend6=0
  width7=14
  sortdescend7=0
  width8=13
  sortdescend8=0
  rowstate=0
  [branchfo.localgrid]
  propcolwidthref=183
  sortdescend0=0
  width1=115
  sortdescend1=0
  width2=57
  sortdescend2=0
  sortdescend3=0
  sortdescend4=0
  sortdescend5=0
  rowstate=0
  [branchfo.tsplitter1]
  x=265
  y=0
  xprop=0.53069306930693
  yprop=1
  [branchfo]
  splitdir=0
  useroptions=16507
  parent=mainfo.panelcontroller.panel2.container
  visible=1
  mdistate=0
  nx=0
  ny=0
  ncx=0
  ncy=0
  x=0
  y=97
  cx=505
  cy=212
  rcx=0
  rcy=0
  [remotesfo]
  splitdir=0
  useroptions=16491
  parent=mainfo.panelcontroller.panel2.container
  visible=1
  mdistate=0
  nx=0
  ny=0
  ncx=0
  ncy=0
  x=0
  y=0
  cx=505
  cy=94
  rcx=0
  rcy=0
  [remotesfo.grid]
  propcolwidthref=486
  width0=101
  sortdescend0=0
  width1=171
  sortdescend1=0
  width2=186
  sortdescend2=0
  [stashfo.stashgrid]
  propcolwidthref=435
  width0=120
  sortdescend0=0
  width1=309
  sortdescend1=0
  [stashfo]
  splitdir=0
  useroptions=16507
  stackedunder=tagsfo
  parent=
  mdistate=0
  nx=0
  ny=0
  ncx=0
  ncy=0
  x=100
  y=100
  cx=445
  cy=354
  rcx=0
  rcy=0
  wsize=0
  active=0
  visible=0
  [filesfo]
  splitdir=0
  useroptions=16507
  parent=mainfo.panelcontroller.panel1.container
  visible=1
  mdistate=0
  nx=0
  ny=0
  ncx=0
  ncy=0
  x=432
  y=0
  cx=924
  cy=265
  rcx=0
  rcy=0
  [filesfo.filelist.grid]
  propcolwidthref=718
  sortdescend0=0
  sortdescend1=1
  width2=174
  sortdescend2=0
  [dirtreefo]
  splitdir=0
  useroptions=16507
  parent=mainfo.panelcontroller.panel1.container
  visible=1
  mdistate=0
  nx=0
  ny=0
  ncx=0
  ncy=0
  x=0
  y=0
  cx=429
  cy=265
  rcx=0
  rcy=0
  [mainfo.panelcontroller.panel1]
  splitdir=1
  useroptions=32239
  parent=mainfo.dockpanel
  visible=1
  mdistate=0
  nx=0
  ny=0
  ncx=0
  ncy=0
  x=0
  y=0
  cx=1356
  cy=265
  rcx=0
  rcy=0
  children=2
   filesfo,432,0,924,265
   dirtreefo,0,0,429,265
  focusedchild=1
  [mainfo.panelcontroller.panel2]
  splitdir=2
  useroptions=33586671
  stackedunder=mainfo
  parent=
  mdistate=0
  nx=0
  ny=0
  ncx=0
  ncy=0
  x=217
  y=24
  cx=515
  cy=704
  rcx=0
  rcy=0
  children=4
   logfo,0,312,505,259
   gitconsolefo,0,574,505,130
   branchfo,0,97,505,212
   remotesfo,0,0,505,94
  focusedchild=1
  wsize=0
  active=0
  visible=1
 [mainfo]
 stackedunder=
 x=267
 y=77
 cx=747
 cy=434
 wsize=4
 active=1
 visible=1
commitqueryfo.sta=19
 [commitqueryfo.tsplitter1]
 x=0
 y=333
 xprop=1
 yprop=0.65527950310559
 [commitqueryfo.tsplitter2]
 x=243
 y=0
 xprop=0.30524642289348
 yprop=0.99805068226121
 [commitqueryfo]
 stackedunder=
 x=386
 y=53
 cx=805
 cy=542
 wsize=0
 active=1
 visible=1
optionsfo.sta=9
 [optionsfo]
 stackedunder=
 x=236
 y=237
 cx=402
 cy=274
 wsize=0
 active=1
 visible=1
revertqueryfo.sta=9
 [remuntrackqueryfo]
 stackedunder=
 x=109
 y=231
 cx=343
 cy=286
 wsize=0
 active=1
 visible=1
lastmessagefo.sta=9
 [lastmessagefo]
 stackedunder=
 x=212
 y=250
 cx=341
 cy=263
 wsize=0
 active=1
 visible=1
commitmessagefo.sta=12
 [commitmessagefo.messageed]
 value=Merge from mseremote/master.
 +
 [commitmessagefo]
 stackedunder=
 x=132
 y=271
 cx=399
 cy=185
 wsize=0
 active=1
 visible=1
form.sta=302
 [mainfo.dockpanel]
 splitdir=2
 useroptions=33570179
 parent=mainfo.container
 visible=1
 mdistate=0
 nx=0
 ny=0
 ncx=0
 ncy=0
 x=0
 y=19
 cx=1366
 cy=683
 rcx=0
 rcy=0
 [tagsfo.grid]
 propcolwidthref=730
 width0=159
 sortdescend0=0
 width1=217
 sortdescend1=0
 width2=88
 sortdescend2=0
 width3=124
 sortdescend3=1
 width4=103
 sortdescend4=0
 [tagsfo]
 splitdir=0
 useroptions=16507
 stackedunder=mainfo
 parent=
 mdistate=0
 nx=0
 ny=0
 ncx=0
 ncy=0
 x=88
 y=177
 cx=779
 cy=354
 rcx=0
 rcy=0
 wsize=0
 active=0
 visible=0
 [logfo.grid]
 propcolwidthref=807
 width0=36
 sortdescend0=0
 sortdescend1=0
 width2=159
 sortdescend2=0
 width3=99
 sortdescend3=0
 width4=116
 sortdescend4=0
 width5=117
 sortdescend5=0
 sortcol=0
 rowstate=1
  0 0 0
 sorted=1
 col=1
 row=0
 rowheight=16
 [logfo]
 splitdir=0
 useroptions=16507
 parent=mainfo.panelcontroller.panel2.container
 visible=1
 mdistate=0
 nx=0
 ny=0
 ncx=0
 ncy=0
 x=0
 y=318
 cx=1350
 cy=263
 rcx=0
 rcy=0
 [diffwindowfo.tabs]
 tabsize=114
 firsttab=0
 index=0
 [diffwindowfo]
 splitdir=0
 useroptions=16507
 parent=mainfo.dockpanel
 visible=1
 mdistate=0
 nx=0
 ny=0
 ncx=0
 ncy=0
 x=0
 y=268
 cx=1356
 cy=415
 rcx=0
 rcy=0
 [gitconsolefo]
 splitdir=0
 useroptions=16491
 parent=mainfo.panelcontroller.panel2.container
 visible=1
 mdistate=0
 nx=0
 ny=0
 ncx=0
 ncy=0
 x=0
 y=584
 cx=1350
 cy=133
 rcx=0
 rcy=0
 [branchfo.remotegrid]
 propcolwidthref=558
 width0=177
 sortdescend0=0
 width1=213
 sortdescend1=0
 width2=156
 sortdescend2=0
 sortdescend3=0
 sortdescend4=0
 sortdescend5=0
 sortdescend6=0
 width7=49
 sortdescend7=0
 width8=45
 sortdescend8=0
 rowstate=1
  0 3
 [branchfo.localgrid]
 propcolwidthref=631
 sortdescend0=0
 width1=423
 sortdescend1=0
 width2=197
 sortdescend2=0
 sortdescend3=0
 sortdescend4=0
 sortdescend5=0
 rowstate=1
  0
 [branchfo.tsplitter1]
 x=713
 y=0
 xprop=0.53069306930693
 yprop=1
 [branchfo]
 splitdir=0
 useroptions=16507
 parent=mainfo.panelcontroller.panel2.container
 visible=1
 mdistate=0
 nx=0
 ny=0
 ncx=0
 ncy=0
 x=0
 y=99
 cx=1350
 cy=216
 rcx=0
 rcy=0
 [remotesfo]
 splitdir=0
 useroptions=16491
 parent=mainfo.panelcontroller.panel2.container
 visible=1
 mdistate=0
 nx=0
 ny=0
 ncx=0
 ncy=0
 x=0
 y=0
 cx=1350
 cy=96
 rcx=0
 rcy=0
 [remotesfo.grid]
 propcolwidthref=1331
 width0=277
 sortdescend0=0
 width1=468
 sortdescend1=0
 width2=509
 sortdescend2=0
 [stashfo.stashgrid]
 propcolwidthref=435
 width0=120
 sortdescend0=0
 width1=309
 sortdescend1=0
 [stashfo]
 splitdir=0
 useroptions=16507
 stackedunder=tagsfo
 parent=
 mdistate=0
 nx=0
 ny=0
 ncx=0
 ncy=0
 x=100
 y=100
 cx=445
 cy=354
 rcx=0
 rcy=0
 wsize=0
 active=0
 visible=0
 [filesfo]
 splitdir=0
 useroptions=16507
 parent=mainfo.panelcontroller.panel1.container
 visible=1
 mdistate=0
 nx=0
 ny=0
 ncx=0
 ncy=0
 x=432
 y=0
 cx=924
 cy=265
 rcx=0
 rcy=0
 [filesfo.filelist.grid]
 propcolwidthref=718
 sortdescend0=1
 sortdescend1=1
 width2=174
 sortdescend2=0
 [dirtreefo]
 splitdir=0
 useroptions=16507
 parent=mainfo.panelcontroller.panel1.container
 visible=1
 mdistate=0
 nx=0
 ny=0
 ncx=0
 ncy=0
 x=0
 y=0
 cx=429
 cy=265
 rcx=0
 rcy=0
 [mainfo.panelcontroller.panel1]
 splitdir=1
 useroptions=32239
 parent=mainfo.dockpanel
 visible=1
 mdistate=0
 nx=0
 ny=0
 ncx=0
 ncy=0
 x=0
 y=0
 cx=1356
 cy=265
 rcx=0
 rcy=0
 children=2
  filesfo,432,0,924,265
  dirtreefo,0,0,429,265
 focusedchild=1
 [mainfo.panelcontroller.panel2]
 splitdir=2
 useroptions=33586671
 stackedunder=
 parent=
 mdistate=0
 nx=0
 ny=0
 ncx=0
 ncy=0
 x=3
 y=24
 cx=1360
 cy=717
 rcx=0
 rcy=0
 children=4
  logfo,0,318,1350,263
  gitconsolefo,0,584,1350,133
  branchfo,0,99,1350,216
  remotesfo,0,0,1350,96
 focusedchild=1
 wsize=0
 active=0
 visible=0
[mainmo.repoobj]
activeremote=
activelocallogbranch=master
activeremotelog=
activeremotelogbranch=
commitmessages=0
commitmessage=
linkedremotebranches=0
hiddenremotes=0
hiddenremotebranches=0
hiddenlocalbranches=0
localbranchorder=0
remotesorder=0
remotebranchorder=0
showhiddenbranches=0
logfiltercommit=
logfiltercommitter=
logfilterdatemin=
logfilterdatemax=
logfiltermessage=
remotes=1
 origin,
diffdir=
