[mainfo.basedock]
splitdir=2
useroptions=11395
parent=mainfo.container
visible=1
mdistate=0
nx=0
ny=0
ncx=668
ncy=0
x=0
y=0
cx=956
cy=585
rcx=0
rcy=0
[mainfo]
splitdir=0
useroptions=838860927
stackedunder=
parent=
mdistate=0
nx=0
ny=0
ncx=0
ncy=0
x=188
y=32
cx=966
cy=621
rcx=0
rcy=0
children=1
 basedock,0,0,956,585
focusedchild=0
wsize=0
active=0
visible=1
[targetconsolefo]
splitdir=0
useroptions=805322857
parent=
mdistate=0
nx=0
ny=0
ncx=0
ncy=0
x=495
y=172
cx=497
cy=314
rcx=0
rcy=0
wsize=0
active=0
visible=0
[threadsfo]
splitdir=0
useroptions=805322857
parent=
mdistate=0
nx=0
ny=0
ncx=0
ncy=0
x=300
y=217
cx=401
cy=126
rcx=0
rcy=0
wsize=0
active=0
visible=0
[memoryfo]
splitdir=0
useroptions=805322875
stackedunder=dialogfilesfo
parent=
mdistate=0
nx=0
ny=0
ncx=0
ncy=0
x=100
y=100
cx=453
cy=354
rcx=0
rcy=0
wsize=0
active=0
visible=0
[memoryfo.add]
value=0
[memoryfo.memon]
value=0
[memoryfo.bitwidth]
value=0
[memoryfo.cnt]
value=0
[disassfo]
splitdir=0
useroptions=805322859
stackedunder=
parent=
mdistate=0
nx=0
ny=0
ncx=0
ncy=0
x=162
y=502
cx=564
cy=210
rcx=0
rcy=0
wsize=0
active=0
visible=0
[findinfilefo]
splitdir=0
useroptions=268451947
stackedunder=
parent=
mdistate=0
nx=0
ny=0
ncx=0
ncy=0
x=239
y=115
cx=678
cy=414
rcx=0
rcy=0
[projecttreefo]
splitdir=0
useroptions=268484715
parent=mainfo.panel1.container
visible=1
mdistate=0
nx=0
ny=0
ncx=0
ncy=0
x=0
y=0
cx=139
cy=435
rcx=0
rcy=0
[projecttreefo.project_tree]
propcolwidthref=1
width0=141
sortdescend0=0
width1=1
sortdescend1=0
sorted=0
col=1
row=-1073741823
rowheight=17
[stackfo]
splitdir=0
useroptions=805331049
parent=
mdistate=0
nx=0
ny=0
ncx=0
ncy=0
x=486
y=340
cx=371
cy=114
rcx=0
rcy=0
wsize=0
active=0
visible=0
[watchpointsfo]
splitdir=0
useroptions=805322857
parent=
mdistate=0
nx=0
ny=0
ncx=0
ncy=0
x=537
y=26
cx=483
cy=210
rcx=0
rcy=0
wsize=0
active=0
visible=0
[watchpointsfo.grid]
propcolwidthref=352
sortdescend0=0
values1=0
values1_ci=-1
width1=33
sortdescend1=0
values2=0
width2=158
sortdescend2=0
width4=34
sortdescend4=0
values5=0
values5_ci=-1
width5=38
sortdescend5=0
values6=0
width6=184
sortdescend6=0
[breakpointsfo]
splitdir=0
useroptions=268451947
stackedunder=memoryfo
parent=
mdistate=0
nx=0
ny=0
ncx=0
ncy=0
x=107
y=404
cx=477
cy=128
rcx=0
rcy=0
wsize=0
active=0
visible=0
[breakpointsfo.bkptson]
value=1
[objectinspectorfo]
splitdir=0
useroptions=805322859
stackedunder=breakpointsfo
parent=
mdistate=0
nx=0
ny=0
ncx=0
ncy=0
x=670
y=179
cx=316
cy=484
rcx=0
rcy=0
wsize=0
active=0
visible=0
[objectinspectorfo.grid]
propcolwidthref=306
width0=73
sortdescend0=0
width1=227
sortdescend1=0
[symbolfo]
splitdir=0
useroptions=805322875
stackedunder=
parent=
mdistate=0
nx=0
ny=0
ncx=0
ncy=0
x=142
y=257
cx=361
cy=137
rcx=0
rcy=0
wsize=0
active=0
visible=0
[symbolfo.grid]
propcolwidthref=207
values0=14
 
 
 
 
 
 
 
 
 
 
 
 
 
 
width0=111
sortdescend0=0
width1=125
sortdescend1=0
[symbolfo.symbol]
[watchfo]
splitdir=0
useroptions=805331049
parent=mainfo.basedock
visible=0
mdistate=0
nx=0
ny=0
ncx=0
ncy=0
x=53
y=0
cx=247
cy=44
rcx=1129
rcy=644
[watchfo.grid]
propcolwidthref=121
values0=2
 -1
 -1
values0_ci=-1
sortdescend0=0
values1=2
 po2^
 test
width1=66
sortdescend1=0
values3=2
 0
 0
values3_ci=-1
sortdescend3=0
values4=2
 0
 0
values4_ci=-1
width4=13
sortdescend4=0
[watchfo.watchon]
[watchfo.expression]
[watchfo.watcheson]
value=0
[messagefo]
splitdir=0
useroptions=114795
parent=mainfo.basedock
visible=1
mdistate=0
nx=0
ny=0
ncx=0
ncy=0
x=0
y=497
cx=956
cy=88
rcx=0
rcy=0
[componentstorefo]
splitdir=0
useroptions=805331067
stackedunder=
parent=
mdistate=0
nx=0
ny=0
ncx=0
ncy=0
x=100
y=100
cx=445
cy=354
rcx=0
rcy=0
wsize=0
active=0
visible=0
[componentstorefo.grid]
propcolwidthref=435
width0=111
sortdescend0=0
sortdescend1=0
width2=160
sortdescend2=0
width3=185
sortdescend3=0
[componentstorefo.storefiledialog]
filenames=1
 /home/fred/ideu/src/templates/init/apps/ide/compstore/
filecolwidth=0
x=0
y=0
cx=0
cy=0
lastdir=/home/fred/ideu/src/templates/init/apps/ide/compstore/
filehistory=0
filefilterindex=0
filefilter=
[componentstorefo.groupfiledialog]
filenames=1
 /home/fred/ideu/src/templates/init/apps/ide/compstore/
filecolwidth=0
x=0
y=0
cx=0
cy=0
lastdir=/home/fred/ideu/src/templates/init/apps/ide/compstore/
filehistory=0
filefilterindex=0
filefilter=
[componentstorefo.compfiledialog]
filenames=0
filecolwidth=0
x=0
y=0
cx=0
cy=0
lastdir=
filehistory=0
filefilterindex=0
filefilter=
[componentpalettefo]
splitdir=0
useroptions=805331051
stackedunder=mainfo
parent=
mdistate=0
nx=0
ny=0
ncx=0
ncy=0
x=428
y=66
cx=440
cy=129
rcx=0
rcy=0
wsize=0
active=0
visible=0
[componentpalettefo.componentpages]
activetab=1
[debuggerfo]
splitdir=0
useroptions=122987
parent=mainfo.basedock
visible=1
mdistate=0
nx=0
ny=0
ncx=0
ncy=0
x=0
y=0
cx=956
cy=56
rcx=0
rcy=0
[debuggerfo.basedock]
splitdir=2
useroptions=146563
parent=debuggerfo.container
visible=1
mdistate=0
nx=0
ny=52
ncx=955
ncy=307
x=0
y=52
cx=956
cy=4
rcx=0
rcy=0
[sourcefo]
splitdir=0
useroptions=16489
parent=mainfo.panel1.container
visible=1
mdistate=0
nx=0
ny=0
ncx=0
ncy=0
x=142
y=0
cx=814
cy=435
rcx=0
rcy=0
[cpuc86_64fo]
irqoff=0
splitdir=0
useroptions=268451947
stackedunder=componentpalettefo
parent=
mdistate=0
nx=0
ny=0
ncx=0
ncy=0
x=183
y=113
cx=379
cy=307
rcx=0
rcy=0
wsize=0
active=0
visible=0
[mainfo.panel1]
splitdir=1
useroptions=838893035
parent=mainfo.basedock
visible=1
mdistate=0
nx=0
ny=0
ncx=0
ncy=0
x=0
y=59
cx=956
cy=435
rcx=0
rcy=0
