[mainfo.mainstatfile]
fpcdir=
fpclibdir=
msedir=
mselibdir=${MSEDIR}lib/common/
syntaxdefdir=${IDEUDIR}syntaxdefs/
templatedir=${IDEUDIR}templates/
layoutdir=${IDEUDIR}layout/
compstoredir=${MSEDIR}apps/ide/compstore/
compiler=fpc
debugger=gdb
exeext=
target=x86_64-linux
targetosdir=linux
fpguidir=
ideudir=
docview=${IDEUDIR}docview/
projectdir=
fpgui=
lcldir=
bgrabitmapdir=
fpcsrcdir=/usr/share/fpcsrc/
printcommand=lp -
globmacronames=0
globmacrovalues=0
projectname=
projecthistory=0
windowlayoutfile=
windowlayouthistory=0
[mainfo.openform]
filenames=0
filenamescust=0
filecolwidth=0
x=0
y=0
cx=0
cy=0
nopanel=0
compact=0
showoptions=1
hidehistory=0
hideicons=0
showhidden=0
colnamewidth=0
colsizewidth=0
colextwidth=0
coldatewidth=0
splitterplaces=0
splitterlateral=0
filehistory=0
filefilterindex=0
filefilter=
[mainfo.projectfiledia]
filenames=0
filenamescust=0
filecolwidth=0
x=0
y=0
cx=0
cy=0
nopanel=0
compact=0
showoptions=1
hidehistory=0
hideicons=0
showhidden=0
colnamewidth=0
colsizewidth=0
colextwidth=0
coldatewidth=0
splitterplaces=0
splitterlateral=0
lastdir=
filehistory=0
filefilterindex=0
filefilter=
[mainfo.openfile]
filenames=0
filenamescust=0
filecolwidth=0
x=0
y=0
cx=0
cy=0
nopanel=0
compact=0
showoptions=1
hidehistory=0
hideicons=0
showhidden=0
colnamewidth=0
colsizewidth=0
colextwidth=0
coldatewidth=0
splitterplaces=0
splitterlateral=0
filehistory=0
filefilterindex=0
filefilter=
[conflangfo]
stackedunder=memoryfo
x=410
y=250
cx=300
cy=204
wsize=0
active=0
visible=0
[conflangfo.setasdefault]
value=0
[conflangfo.gridlang]
propcolwidthref=8
values0=6
 English   (en)
 Russian   (ru)
 French   (fr)
 German   (de)
 Spanish   (es)
 Portuguese   (pt)
sortdescend0=0
values1=6
 0
 0
 0
 0
 0
 0
values1_ci=-1
sortdescend1=0
values2=6
 en
 ru
 fr
 de
 es
 pt
sortdescend2=0
[conflangfo.gridlangcaption]
[conflangfo.gridlangbool]
[objectinspectorfo]
splitdir=0
useroptions=268451947
stackedunder=mainfo
parent=
mdistate=3
nx=0
ny=0
ncx=0
ncy=0
x=651
y=142
cx=254
cy=353
rcx=0
rcy=0
wsize=0
active=0
visible=0
[debuggerfo.project_history]
value=
history=0
[actionsmo.shortcuts]
sysshortcuts=11
 sho_copy,16451
 sho_paste,16470
 sho_cut,16472
 sho_selectall,16449
 sho_rowinsert,16646
 sho_rowappend,24838
 sho_rowdelete,16473
 sho_copycells,24643
 sho_pastecells,24662
 sho_groupundo,16474
 sho_groupredo,24666
sysshortcuts1=11
 sho_copy,0
 sho_paste,8454
 sho_cut,8455
 sho_selectall,0
 sho_rowinsert,0
 sho_rowappend,0
 sho_rowdelete,0
 sho_copycells,0
 sho_pastecells,0
 sho_groupundo,0
 sho_groupredo,0
assistiveshortcuts=9
 shoa_speakagain,4020
 shoa_speakpath,6020
 shoa_firstelement,4059 0046
 shoa_lastelement,4059 004C
 shoa_cancelspeech,4059 0043
 shoa_slower,482D
 shoa_faster,482B
 shoa_volumedown,682D
 shoa_volumeup,682B
assistiveshortcuts1=9
 shoa_speakagain,4904
 shoa_speakpath,6904
 shoa_firstelement,
 shoa_lastelement,
 shoa_cancelspeech,
 shoa_slower,
 shoa_faster,
 shoa_volumedown,
 shoa_volumeup,
shortcuts=100
 
 actionsmo.opensource 16463 0
 actionsmo.save 16467 0
 actionsmo.saveall
 actionsmo.saveas
 actionsmo.close 16691 0
 actionsmo.closeall
 actionsmo.print
 
 actionsmo.line 16460 0
 actionsmo.find 16454 0
 actionsmo.repeatfind 306 0
 actionsmo.replace 16466 0
 actionsmo.findinfile 24646 0
 actionsmo.procedurelist 16455 0
 
 actionsmo.selecteditpage 16453 0
 actionsmo.indent 16457 0
 actionsmo.copylatexact 16459 0 76 0
 actionsmo.unindent 16469 0
 actionsmo.comment 16459 0 67 0
 actionsmo.uncomment 16459 0 85 0
 actionsmo.lowercase
 actionsmo.uppercase
 actionsmo.copyword 24663 0
 actionsmo.deleteword 16468 0
 actionsmo.selectword 24659 0
 sourcefo.completeclassact 24641 0
 actionsmo.instemplate
 sourcefo.navigbackact 16456 0
 sourcefo.navigforwardact 24648 0
 
 actionsmo.setbm0 24624 0
 actionsmo.setbm1 24625 0
 actionsmo.setbm2 24626 0
 actionsmo.setbm3 24627 0
 actionsmo.setbm4 24628 0
 actionsmo.setbm5 24629 0
 actionsmo.setbm6 24630 0
 actionsmo.setbm7 24631 0
 actionsmo.setbm8 24632 0
 actionsmo.setbm9 24633 0
 actionsmo.setbmnone
 
 actionsmo.findbm0 16432 0
 actionsmo.findbm1 16433 0
 actionsmo.findbm2 16434 0
 actionsmo.findbm3 16435 0
 actionsmo.findbm4 16436 0
 actionsmo.findbm5 16437 0
 actionsmo.findbm6 16438 0
 actionsmo.findbm7 16439 0
 actionsmo.findbm8 16440 0
 actionsmo.findbm9 16441 0
 
 actionsmo.attachprocess
 actionsmo.detachtarget
 actionsmo.continue 312 0
 actionsmo.reset
 actionsmo.interrupt
 actionsmo.next 311 0
 actionsmo.nexti 24887 0
 actionsmo.step 310 0
 actionsmo.stepi 24886 0
 actionsmo.finish 8502 0
 actionsmo.bkptsonact 16450 0
 actionsmo.togglebkpt 308 0
 actionsmo.togglebkptenable 8500 0
 actionsmo.watchesonact 16471 0
 actionsmo.bluedotsonact
 
 actionsmo.toggleinspector 314 0
 actionsmo.toggleformunit 315 0
 
 actionsmo.makeact
 actionsmo.buildact
 actionsmo.make1act
 actionsmo.make2act
 actionsmo.make3act
 actionsmo.make4act
 actionsmo.abortmakeact
 actionsmo.projectoptionsact
 actionsmo.projectopenact
 actionsmo.projectsaveact
 actionsmo.projecttreeact
 actionsmo.projectsourceact
 actionsmo.projectcloseact
 
 actionsmo.helpact 304 0
 
 actionsmo.tool0
 actionsmo.tool1
 actionsmo.tool2
 actionsmo.tool3
 actionsmo.tool4
 actionsmo.tool5
 actionsmo.tool6
 actionsmo.tool7
 actionsmo.tool8
 actionsmo.tool9
[confideufo.tabstops]
value=4
[confideufo.blockindent]
value=1
